<?xml version="1.0" encoding="UTF-8"?>
<testsuite name="Academy Choucair" tests="1" skipped="0" failures="0" errors="0" timestamp="2021-05-03T17:49:10" hostname="DESKTOP-PKT53G6" time="41.618">
  <properties/>
  <testcase name="Search for a automation course" classname="Academy Choucair" time="41.618"/>
  <system-out><![CDATA[]]></system-out>
  <system-err><![CDATA[[Test worker] WARN net.thucydides.core.steps.BaseStepListener - stepStarted: net.thucydides.core.steps.ExecutedStepDescription@2dc00798
[Test worker] WARN net.thucydides.core.steps.BaseStepListener - stepStarted: net.thucydides.core.steps.ExecutedStepDescription@41eed0b0
[Test worker] WARN net.thucydides.core.steps.BaseStepListener - stepStarted: net.thucydides.core.steps.ExecutedStepDescription@4329bc74
may 03, 2021 12:49:11 PM org.openqa.selenium.remote.DesiredCapabilities chrome
INFORMACIÓN: Using `new ChromeOptions()` is preferred to `DesiredCapabilities.chrome()`
[Test worker] INFO net.serenitybdd.core.webdriver.driverproviders.ProvideNewDriver - Instantiating driver
[Test worker] INFO net.serenitybdd.core.webdriver.driverproviders.ProvideNewDriver - Driver capabilities: Capabilities {acceptInsecureCerts: false, browserName: chrome, chrome.switches: --start-maximized, goog:chromeOptions: {args: [--start-maximized], extensions: []}, loggingPrefs: org.openqa.selenium.logging..., platform: ANY, version: }
Starting ChromeDriver 90.0.4430.24 (4c6d850f087da467d926e8eddb76550aed655991-refs/branch-heads/4430@{#429}) on port 35885
Only local connections are allowed.
Please see https://chromedriver.chromium.org/security-considerations for suggestions on keeping ChromeDriver safe.
ChromeDriver was started successfully.
may 03, 2021 12:49:15 PM org.openqa.selenium.remote.ProtocolHandshake createSession
INFORMACIÓN: Detected dialect: W3C
[Test worker] WARN net.thucydides.core.steps.BaseStepListener - stepFinished: current outcome:Search for a automation course:Given than anyer wants to learn automation at the academy choucair
| strUser | strPassword |
| 1214724353 | Choucair2021* | [Anyer open up [Anyer opens the Choucar academy page]]
[Test worker] WARN net.thucydides.core.steps.BaseStepListener - stepFinished: current outcome:Search for a automation course:Given than anyer wants to learn automation at the academy choucair
| strUser | strPassword |
| 1214724353 | Choucair2021* | [Anyer open up [Anyer opens the Choucar academy page]]
[Test worker] WARN net.thucydides.core.steps.BaseStepListener - stepStarted: net.thucydides.core.steps.ExecutedStepDescription@142515b9
[Test worker] WARN net.thucydides.core.steps.BaseStepListener - stepStarted: net.thucydides.core.steps.ExecutedStepDescription@550501df
[Test worker] WARN net.thucydides.core.steps.BaseStepListener - stepFinished: current outcome:Search for a automation course:Given than anyer wants to learn automation at the academy choucair
| strUser | strPassword |
| 1214724353 | Choucair2021* | [Anyer open up [Anyer opens the Choucar academy page], Anyer login [Anyer clicks on Button that show us the form to login]]
[Test worker] WARN net.thucydides.core.steps.BaseStepListener - stepStarted: net.thucydides.core.steps.ExecutedStepDescription@38b5f2c6
[Test worker] WARN net.thucydides.core.steps.BaseStepListener - stepFinished: current outcome:Search for a automation course:Given than anyer wants to learn automation at the academy choucair
| strUser | strPassword |
| 1214724353 | Choucair2021* | [Anyer open up [Anyer opens the Choucar academy page], Anyer login [Anyer clicks on Button that show us the form to login, Anyer enters '1214724353' into Where we going to write username]]
[Test worker] WARN net.thucydides.core.steps.BaseStepListener - stepStarted: net.thucydides.core.steps.ExecutedStepDescription@47b5ae39
[Test worker] WARN net.thucydides.core.steps.BaseStepListener - stepFinished: current outcome:Search for a automation course:Given than anyer wants to learn automation at the academy choucair
| strUser | strPassword |
| 1214724353 | Choucair2021* | [Anyer open up [Anyer opens the Choucar academy page], Anyer login [Anyer clicks on Button that show us the form to login, Anyer enters '1214724353' into Where we going to write username, Anyer enters 'Choucair2021*' into Where we going to write password]]
[Test worker] WARN net.thucydides.core.steps.BaseStepListener - stepStarted: net.thucydides.core.steps.ExecutedStepDescription@21b623fa
[Test worker] WARN net.thucydides.core.steps.BaseStepListener - stepFinished: current outcome:Search for a automation course:Given than anyer wants to learn automation at the academy choucair
| strUser | strPassword |
| 1214724353 | Choucair2021* | [Anyer open up [Anyer opens the Choucar academy page], Anyer login [Anyer clicks on Button that show us the form to login, Anyer enters '1214724353' into Where we going to write username, Anyer enters 'Choucair2021*' into Where we going to write password, Anyer clicks on Button to confirm login]]
[Test worker] WARN net.thucydides.core.steps.BaseStepListener - stepFinished: current outcome:Search for a automation course:Given than anyer wants to learn automation at the academy choucair
| strUser | strPassword |
| 1214724353 | Choucair2021* | [Anyer open up [Anyer opens the Choucar academy page], Anyer login [Anyer clicks on Button that show us the form to login, Anyer enters '1214724353' into Where we going to write username, Anyer enters 'Choucair2021*' into Where we going to write password, Anyer clicks on Button to confirm login]]
[Test worker] WARN net.thucydides.core.steps.BaseStepListener - stepFinished: current outcome:Search for a automation course:Given than anyer wants to learn automation at the academy choucair
| strUser | strPassword |
| 1214724353 | Choucair2021* | [Anyer open up [Anyer opens the Choucar academy page], Anyer login [Anyer clicks on Button that show us the form to login, Anyer enters '1214724353' into Where we going to write username, Anyer enters 'Choucair2021*' into Where we going to write password, Anyer clicks on Button to confirm login]]
[Test worker] WARN net.thucydides.core.steps.BaseStepListener - stepStarted: net.thucydides.core.steps.ExecutedStepDescription@14e4db54
[Test worker] WARN net.thucydides.core.steps.BaseStepListener - stepStarted: net.thucydides.core.steps.ExecutedStepDescription@1eaaa8e9
[Test worker] WARN net.thucydides.core.steps.BaseStepListener - stepStarted: net.thucydides.core.steps.ExecutedStepDescription@2132f8ad
[Test worker] WARN net.thucydides.core.steps.BaseStepListener - stepFinished: current outcome:Search for a automation course:Given than anyer wants to learn automation at the academy choucair
| strUser | strPassword |
| 1214724353 | Choucair2021* | [Anyer open up [Anyer opens the Choucar academy page], Anyer login [Anyer clicks on Button that show us the form to login, Anyer enters '1214724353' into Where we going to write username, Anyer enters 'Choucair2021*' into Where we going to write password, Anyer clicks on Button to confirm login]], When he search for the course Guias Tecnicas Analista Financial on the choucair academy plattform [Anyer search [Anyer clicks on Selecciona el curso]]
[Test worker] WARN net.thucydides.core.steps.BaseStepListener - stepFinished: current outcome:Search for a automation course:Given than anyer wants to learn automation at the academy choucair
| strUser | strPassword |
| 1214724353 | Choucair2021* | [Anyer open up [Anyer opens the Choucar academy page], Anyer login [Anyer clicks on Button that show us the form to login, Anyer enters '1214724353' into Where we going to write username, Anyer enters 'Choucair2021*' into Where we going to write password, Anyer clicks on Button to confirm login]], When he search for the course Guias Tecnicas Analista Financial on the choucair academy plattform [Anyer search [Anyer clicks on Selecciona el curso]]
[Test worker] WARN net.thucydides.core.steps.BaseStepListener - stepFinished: current outcome:Search for a automation course:Given than anyer wants to learn automation at the academy choucair
| strUser | strPassword |
| 1214724353 | Choucair2021* | [Anyer open up [Anyer opens the Choucar academy page], Anyer login [Anyer clicks on Button that show us the form to login, Anyer enters '1214724353' into Where we going to write username, Anyer enters 'Choucair2021*' into Where we going to write password, Anyer clicks on Button to confirm login]], When he search for the course Guias Tecnicas Analista Financial on the choucair academy plattform [Anyer search [Anyer clicks on Selecciona el curso]]
[Test worker] WARN net.thucydides.core.steps.BaseStepListener - stepStarted: net.thucydides.core.steps.ExecutedStepDescription@15c94775
[Test worker] WARN net.thucydides.core.steps.BaseStepListener - stepStarted: net.thucydides.core.steps.ExecutedStepDescription@237b3ca7
[Test worker] WARN net.thucydides.core.steps.BaseStepListener - stepFinished: current outcome:Search for a automation course:Given than anyer wants to learn automation at the academy choucair
| strUser | strPassword |
| 1214724353 | Choucair2021* | [Anyer open up [Anyer opens the Choucar academy page], Anyer login [Anyer clicks on Button that show us the form to login, Anyer enters '1214724353' into Where we going to write username, Anyer enters 'Choucair2021*' into Where we going to write password, Anyer clicks on Button to confirm login]], When he search for the course Guias Tecnicas Analista Financial on the choucair academy plattform [Anyer search [Anyer clicks on Selecciona el curso]], Then he finds the course called Guías Técnicas - Analista Financial [Then answer]
[Test worker] WARN net.thucydides.core.steps.BaseStepListener - stepFinished: current outcome:Search for a automation course:Given than anyer wants to learn automation at the academy choucair
| strUser | strPassword |
| 1214724353 | Choucair2021* | [Anyer open up [Anyer opens the Choucar academy page], Anyer login [Anyer clicks on Button that show us the form to login, Anyer enters '1214724353' into Where we going to write username, Anyer enters 'Choucair2021*' into Where we going to write password, Anyer clicks on Button to confirm login]], When he search for the course Guias Tecnicas Analista Financial on the choucair academy plattform [Anyer search [Anyer clicks on Selecciona el curso]], Then he finds the course called Guías Técnicas - Analista Financial [Then answer]
[Test worker] WARN net.thucydides.core.steps.BaseStepListener - testFinished: Search for a automation course:Given than anyer wants to learn automation at the academy choucair
| strUser | strPassword |
| 1214724353 | Choucair2021* | [Anyer open up [Anyer opens the Choucar academy page], Anyer login [Anyer clicks on Button that show us the form to login, Anyer enters '1214724353' into Where we going to write username, Anyer enters 'Choucair2021*' into Where we going to write password, Anyer clicks on Button to confirm login]], When he search for the course Guias Tecnicas Analista Financial on the choucair academy plattform [Anyer search [Anyer clicks on Selecciona el curso]], Then he finds the course called Guías Técnicas - Analista Financial [Then answer]
[Test worker] WARN net.thucydides.core.steps.BaseStepListener - TestOutcomes: [Search for a automation course:Given than anyer wants to learn automation at the academy choucair
| strUser | strPassword |
| 1214724353 | Choucair2021* | [Anyer open up [Anyer opens the Choucar academy page], Anyer login [Anyer clicks on Button that show us the form to login, Anyer enters '1214724353' into Where we going to write username, Anyer enters 'Choucair2021*' into Where we going to write password, Anyer clicks on Button to confirm login]], When he search for the course Guias Tecnicas Analista Financial on the choucair academy plattform [Anyer search [Anyer clicks on Selecciona el curso]], Then he finds the course called Guías Técnicas - Analista Financial [Then answer]]
[Test worker] WARN net.thucydides.core.steps.BaseStepListener - Final testOutcomes: [Search for a automation course:Given than anyer wants to learn automation at the academy choucair
| strUser | strPassword |
| 1214724353 | Choucair2021* | [Anyer open up [Anyer opens the Choucar academy page], Anyer login [Anyer clicks on Button that show us the form to login, Anyer enters '1214724353' into Where we going to write username, Anyer enters 'Choucair2021*' into Where we going to write password, Anyer clicks on Button to confirm login]], When he search for the course Guias Tecnicas Analista Financial on the choucair academy plattform [Anyer search [Anyer clicks on Selecciona el curso]], Then he finds the course called Guías Técnicas - Analista Financial [Then answer]]
[Test worker] INFO net.thucydides.core.steps.ConsoleLoggingListener - 
        __    _____ _____ ____ _____   ____   _    ____  ____  _____ ____  
  _     \ \  |_   _| ____/ ___|_   _| |  _ \ / \  / ___|/ ___|| ____|  _ \ 
 (_)_____| |   | | |  _| \___ \ | |   | |_) / _ \ \___ \\___ \|  _| | | | |
  _|_____| |   | | | |___ ___) || |   |  __/ ___ \ ___) |___) | |___| |_| |
 (_)     | |   |_| |_____|____/ |_|   |_| /_/   \_\____/|____/|_____|____/ 
        /_/                                                                

TEST PASSED: Search for a automation course
----------------------------------------------------------------------------
]]></system-err>
</testsuite>
